<?xml version="1.0" encoding="UTF-8"?>
<!-- Generated by org.testng.reporters.JUnitXMLReporter -->
<testsuite ignored="0" hostname="DESKTOP-6BOD738" failures="0" tests="8" name="Default test" time="111.246" errors="0" timestamp="2022-08-07T14:37:00 IST">
  <testcase classname="com.Automation.base.Testng_Automation_runner" name="browser_Launch" time="15.436"/>
  <testcase classname="com.Automation.base.Testng_Automation_runner" name="object_Manager" time="0.25"/>
  <testcase classname="com.Automation.base.Testng_Automation_runner" name="lanuch_URL" time="18.07"/>
  <testcase classname="com.Automation.base.Testng_Automation_runner" name="login_process" time="17.821"/>
  <testcase classname="com.Automation.base.Testng_Automation_runner" name="casual_Dress" time="15.618"/>
  <testcase classname="com.Automation.base.Testng_Automation_runner" name="evening_Dress" time="16.576"/>
  <testcase classname="com.Automation.base.Testng_Automation_runner" name="checkout_Process" time="14.795"/>
  <testcase classname="com.Automation.base.Testng_Automation_runner" name="confirm_payment" time="12.535"/>
</testsuite> <!-- Default test -->
